Build started 10/13/2016 12:42:38 AM.
     1>Project "C:\Users\Zobayer\Desktop\Practice\Problem Solving\Uva Problem\Uva 442\Uva 442\Uva 442.vcxproj" on node 2 (ClCompile target(s)).
     1>ClCompile:
         C:\Program Files (x86)\Microsoft Visual Studio 14.0\VC\bin\CL.exe /c /ZI /nologo /W3 /WX- /sdl /Od /Oy- /D WIN32 /D _DEBUG /D _CONSOLE /D _UNICODE /D UNICODE /Gm /EHsc /RTC1 /MDd /GS /fp:precise /Zc:wchar_t /Zc:forScope /Zc:inline /Fo"Debug\\" /Fd"Debug\vc140.pdb" /Gd /TP /analyze- /errorReport:prompt Source.cpp
         Source.cpp
     1>c:\users\zobayer\desktop\practice\problem solving\uva problem\uva 442\uva 442\source.cpp(54): warning C4018: '<': signed/unsigned mismatch
     1>c:\users\zobayer\desktop\practice\problem solving\uva problem\uva 442\uva 442\source.cpp(21): error C4996: 'scanf': This function or variable may be unsafe. Consider using scanf_s instead. To disable deprecation, use _CRT_SECURE_NO_WARNINGS. See online help for details.
         c:\program files (x86)\windows kits\10\include\10.0.10150.0\ucrt\stdio.h(1270): note: see declaration of 'scanf'
     1>Done Building Project "C:\Users\Zobayer\Desktop\Practice\Problem Solving\Uva Problem\Uva 442\Uva 442\Uva 442.vcxproj" (ClCompile target(s)) -- FAILED.

Build FAILED.

Time Elapsed 00:00:01.25
