Build started 11/13/2016 10:43:08 AM.
     1>Project "C:\Users\Zobayer\Desktop\Practice\C Programmin\Graphics\Graphics\Graphics.vcxproj" on node 2 (ClCompile target(s)).
     1>ClCompile:
         C:\Program Files (x86)\Microsoft Visual Studio 14.0\VC\bin\CL.exe /c /ZI /nologo /W3 /WX- /sdl /Od /Oy- /D WIN32 /D _DEBUG /D _CONSOLE /D _UNICODE /D UNICODE /Gm /EHsc /RTC1 /MDd /GS /fp:precise /Zc:wchar_t /Zc:forScope /Zc:inline /Fo"Debug\\" /Fd"Debug\vc140.pdb" /Gd /TP /analyze- /errorReport:prompt Source.cpp
         Source.cpp
     1>c:\users\zobayer\desktop\practice\c programmin\graphics\graphics\source.cpp(4): error C4430: missing type specifier - int assumed. Note: C++ does not support default-int
     1>c:\users\zobayer\desktop\practice\c programmin\graphics\graphics\source.cpp(5): error C3861: 'textcolor': identifier not found
     1>Done Building Project "C:\Users\Zobayer\Desktop\Practice\C Programmin\Graphics\Graphics\Graphics.vcxproj" (ClCompile target(s)) -- FAILED.

Build FAILED.

Time Elapsed 00:00:03.38
